\BOOKMARK [0][-]{chapter.1}{Python Tutorial!}{}% 1
\BOOKMARK [1][-]{section.1.1}{Why Python?}{chapter.1}% 2
\BOOKMARK [1][-]{section.1.2}{Do I have Python?}{chapter.1}% 3
\BOOKMARK [1][-]{section.1.3}{Command Line Python}{chapter.1}% 4
\BOOKMARK [1][-]{section.1.4}{Python from a file!}{chapter.1}% 5
\BOOKMARK [2][-]{subsection.1.4.1}{An aside on using your terminal}{section.1.4}% 6
\BOOKMARK [1][-]{section.1.5}{Python Basics}{chapter.1}% 7
\BOOKMARK [2][-]{subsection.1.5.1}{General Variables}{section.1.5}% 8
\BOOKMARK [2][-]{subsection.1.5.2}{Booleans}{section.1.5}% 9
\BOOKMARK [2][-]{subsection.1.5.3}{Numbers}{section.1.5}% 10
\BOOKMARK [2][-]{subsection.1.5.4}{Strings}{section.1.5}% 11
\BOOKMARK [2][-]{subsection.1.5.5}{Lists}{section.1.5}% 12
\BOOKMARK [2][-]{subsection.1.5.6}{Dictionaries}{section.1.5}% 13
\BOOKMARK [2][-]{subsection.1.5.7}{None}{section.1.5}% 14
\BOOKMARK [1][-]{section.1.6}{Practical Example!}{chapter.1}% 15
\BOOKMARK [1][-]{section.1.7}{Object Oriented Programming}{chapter.1}% 16
\BOOKMARK [2][-]{subsection.1.7.1}{Basic Class Example: Triangle}{section.1.7}% 17
\BOOKMARK [2][-]{subsection.1.7.2}{Encapsulation / Getters example: Banks}{section.1.7}% 18
\BOOKMARK [2][-]{subsection.1.7.3}{Encapsulation / Getters and Setters example: Clock}{section.1.7}% 19
\BOOKMARK [2][-]{subsection.1.7.4}{Operator Overloading / Magic Methods: Fractions}{section.1.7}% 20
\BOOKMARK [2][-]{subsection.1.7.5}{Inheritance and Polymorphism}{section.1.7}% 21
\BOOKMARK [1][-]{section.1.8}{File Manipulation}{chapter.1}% 22
\BOOKMARK [2][-]{subsection.1.8.1}{Working with CSV}{section.1.8}% 23
\BOOKMARK [2][-]{subsection.1.8.2}{Numpy}{section.1.8}% 24
\BOOKMARK [1][-]{section.1.9}{Web Scraping}{chapter.1}% 25
\BOOKMARK [1][-]{section.1.10}{Bye for now \(and only for now\)}{chapter.1}% 26
